<?xml version="1.0" encoding="UTF-8"?>
<!-- Generated by org.testng.reporters.JUnitXMLReporter -->
<testsuite ignored="0" hostname="LAPTOP-NF6R4G1U" failures="1" tests="1" name="firefoxetest" time="0.038" errors="0" timestamp="2025-09-27T16:32:48 IST">
  <testcase classname="testCases.AccountRegistration" name="verify_Account_Registration" time="0.008">
    <failure type="java.lang.AssertionError" message="null">
      <![CDATA[java.lang.AssertionError: null
at testCases.AccountRegistration.verify_Account_Registration(AccountRegistration.java:59)
at java.base/java.util.ArrayList.forEach(ArrayList.java:1596)
... Removed 27 stack frames]]>
    </failure>
  </testcase> <!-- verify_Account_Registration -->
</testsuite> <!-- firefoxetest -->
