<?xml version="1.0" encoding="UTF-8"?>
<testsuite xmlns:xsi="http://www.w3.org/2001/XMLSchema-instance" xsi:noNamespaceSchemaLocation="https://maven.apache.org/surefire/maven-surefire-plugin/xsd/surefire-test-report-3.0.xsd" version="3.0" name="TestSuite" time="76.849" tests="2" errors="0" skipped="0" failures="0">
  <properties>
[...]
</properties>
  <testcase name="verify_Account_Registration" classname="testCases.AccountRegistration" time="21.473">
    <system-out><![CDATA[2025-09-28 23:02:40.553 [main] INFO  testCases.AccountRegistration - starting account registration
2025-09-28 23:02:42.149 [main] INFO  testCases.AccountRegistration - click on myaccount
2025-09-28 23:02:43.843 [main] INFO  testCases.AccountRegistration - click on register
2025-09-28 23:02:43.844 [main] INFO  testCases.AccountRegistration - providing customer info
2025-09-28 23:02:56.867 [main] INFO  testCases.AccountRegistration - Validating expected msg
2025-09-28 23:03:01.948 [main] INFO  testCases.AccountRegistration - account registration succefully
]]></system-out>
    <system-err><![CDATA[Sep 28, 2025 11:02:34 PM org.openqa.selenium.devtools.CdpVersionFinder findNearestMatch
WARNING: Unable to find CDP implementation matching 140
Sep 28, 2025 11:02:34 PM org.openqa.selenium.chromium.ChromiumDriver lambda$new$5
WARNING: Unable to find version of CDP to use for 140.0.7339.208. You may need to include a dependency on a specific version of the CDP using something similar to `org.seleniumhq.selenium:selenium-devtools-v86:4.25.0` where the version ("v86") matches the version of the chromium-based browser you're using and the version number of the artifact is the same as Selenium's.
]]></system-err>
  </testcase>
  <testcase name="verify_Account_Login" classname="testCases.TC002_LoginTest" time="4.244">
    <system-out><![CDATA[2025-09-28 23:03:20.264 [main] INFO  testCases.TC002_LoginTest - starting account login
2025-09-28 23:03:22.269 [main] INFO  testCases.TC002_LoginTest - providing credential
2025-09-28 23:03:24.503 [main] INFO  testCases.TC002_LoginTest - *********finished tc002_loginttest****
]]></system-out>
    <system-err><![CDATA[Sep 28, 2025 11:03:12 PM org.openqa.selenium.devtools.CdpVersionFinder findNearestMatch
WARNING: Unable to find CDP implementation matching 140
Sep 28, 2025 11:03:12 PM org.openqa.selenium.chromium.ChromiumDriver lambda$new$5
WARNING: Unable to find version of CDP to use for 140.0.7339.208. You may need to include a dependency on a specific version of the CDP using something similar to `org.seleniumhq.selenium:selenium-devtools-v86:4.25.0` where the version ("v86") matches the version of the chromium-based browser you're using and the version number of the artifact is the same as Selenium's.
]]></system-err>
  </testcase>
</testsuite>