<?xml version="1.0" encoding="UTF-8"?>
<testng-results ignored="0" total="2" passed="2" failed="0" skipped="0">
  <reporter-output>
  </reporter-output>
  <suite started-at="2025-09-28T23:02:17 IST" name="Suite" finished-at="2025-09-28T23:03:25 IST" duration-ms="67950">
    <groups>
      <group name="Master">
        <method signature="AccountRegistration.verify_Account_Registration()[pri:0, instance:testCases.AccountRegistration@460ebd80]" name="verify_Account_Registration" class="testCases.AccountRegistration"/>
        <method signature="TC002_LoginTest.verify_Account_Login()[pri:0, instance:testCases.TC002_LoginTest@40238dd0]" name="verify_Account_Login" class="testCases.TC002_LoginTest"/>
      </group> <!-- Master -->
      <group name="Sanity">
        <method signature="TC002_LoginTest.verify_Account_Login()[pri:0, instance:testCases.TC002_LoginTest@40238dd0]" name="verify_Account_Login" class="testCases.TC002_LoginTest"/>
      </group> <!-- Sanity -->
      <group name="Regression">
        <method signature="AccountRegistration.verify_Account_Registration()[pri:0, instance:testCases.AccountRegistration@460ebd80]" name="verify_Account_Registration" class="testCases.AccountRegistration"/>
      </group> <!-- Regression -->
    </groups>
    <test started-at="2025-09-28T23:02:17 IST" name="Test" finished-at="2025-09-28T23:03:25 IST" duration-ms="67950">
      <class name="testCases.TC002_LoginTest">
        <test-method is-config="true" signature="setup(java.lang.String)[pri:0, instance:testCases.TC002_LoginTest@40238dd0]" started-at="2025-09-28T23:03:05 IST" name="setup" finished-at="2025-09-28T23:03:20 IST" duration-ms="15022" status="PASS">
          <params>
            <param index="0">
              <value>
                <![CDATA[chrome]]>
              </value>
            </param>
          </params>
          <reporter-output>
          </reporter-output>
        </test-method> <!-- setup -->
        <test-method signature="verify_Account_Login()[pri:0, instance:testCases.TC002_LoginTest@40238dd0]" started-at="2025-09-28T23:03:20 IST" name="verify_Account_Login" finished-at="2025-09-28T23:03:24 IST" duration-ms="4246" status="PASS">
          <reporter-output>
          </reporter-output>
        </test-method> <!-- verify_Account_Login -->
        <test-method is-config="true" signature="tearDown()[pri:0, instance:testCases.TC002_LoginTest@40238dd0]" started-at="2025-09-28T23:03:24 IST" name="tearDown" finished-at="2025-09-28T23:03:25 IST" duration-ms="806" status="PASS">
          <reporter-output>
          </reporter-output>
        </test-method> <!-- tearDown -->
      </class> <!-- testCases.TC002_LoginTest -->
      <class name="testCases.AccountRegistration">
        <test-method is-config="true" signature="setup(java.lang.String)[pri:0, instance:testCases.AccountRegistration@460ebd80]" started-at="2025-09-28T23:02:18 IST" name="setup" finished-at="2025-09-28T23:02:40 IST" duration-ms="22123" status="PASS">
          <params>
            <param index="0">
              <value>
                <![CDATA[chrome]]>
              </value>
            </param>
          </params>
          <reporter-output>
          </reporter-output>
        </test-method> <!-- setup -->
        <test-method signature="verify_Account_Registration()[pri:0, instance:testCases.AccountRegistration@460ebd80]" started-at="2025-09-28T23:02:40 IST" name="verify_Account_Registration" finished-at="2025-09-28T23:03:01 IST" duration-ms="21456" status="PASS">
          <reporter-output>
          </reporter-output>
        </test-method> <!-- verify_Account_Registration -->
        <test-method is-config="true" signature="tearDown()[pri:0, instance:testCases.AccountRegistration@460ebd80]" started-at="2025-09-28T23:03:02 IST" name="tearDown" finished-at="2025-09-28T23:03:05 IST" duration-ms="3227" status="PASS">
          <reporter-output>
          </reporter-output>
        </test-method> <!-- tearDown -->
      </class> <!-- testCases.AccountRegistration -->
    </test> <!-- Test -->
  </suite> <!-- Suite -->
</testng-results>
