<?xml version="1.0" encoding="UTF-8"?>
<testng-results ignored="0" total="2" passed="2" failed="0" skipped="0">
  <reporter-output>
  </reporter-output>
  <suite started-at="2025-09-28T23:00:00 IST" name="Suite" finished-at="2025-09-28T23:01:17 IST" duration-ms="77528">
    <groups>
      <group name="Master">
        <method signature="AccountRegistration.verify_Account_Registration()[pri:0, instance:testCases.AccountRegistration@52851b44]" name="verify_Account_Registration" class="testCases.AccountRegistration"/>
        <method signature="TC002_LoginTest.verify_Account_Login()[pri:0, instance:testCases.TC002_LoginTest@ff684e1]" name="verify_Account_Login" class="testCases.TC002_LoginTest"/>
      </group> <!-- Master -->
      <group name="Sanity">
        <method signature="TC002_LoginTest.verify_Account_Login()[pri:0, instance:testCases.TC002_LoginTest@ff684e1]" name="verify_Account_Login" class="testCases.TC002_LoginTest"/>
      </group> <!-- Sanity -->
      <group name="Regression">
        <method signature="AccountRegistration.verify_Account_Registration()[pri:0, instance:testCases.AccountRegistration@52851b44]" name="verify_Account_Registration" class="testCases.AccountRegistration"/>
      </group> <!-- Regression -->
    </groups>
    <test started-at="2025-09-28T23:00:00 IST" name="Test" finished-at="2025-09-28T23:01:17 IST" duration-ms="77528">
      <class name="testCases.TC002_LoginTest">
        <test-method is-config="true" signature="setup(java.lang.String)[pri:0, instance:testCases.TC002_LoginTest@ff684e1]" started-at="2025-09-28T23:00:59 IST" name="setup" finished-at="2025-09-28T23:01:12 IST" duration-ms="13411" status="PASS">
          <params>
            <param index="0">
              <value>
                <![CDATA[chrome]]>
              </value>
            </param>
          </params>
          <reporter-output>
          </reporter-output>
        </test-method> <!-- setup -->
        <test-method signature="verify_Account_Login()[pri:0, instance:testCases.TC002_LoginTest@ff684e1]" started-at="2025-09-28T23:01:12 IST" name="verify_Account_Login" finished-at="2025-09-28T23:01:16 IST" duration-ms="3775" status="PASS">
          <reporter-output>
          </reporter-output>
        </test-method> <!-- verify_Account_Login -->
        <test-method is-config="true" signature="tearDown()[pri:0, instance:testCases.TC002_LoginTest@ff684e1]" started-at="2025-09-28T23:01:16 IST" name="tearDown" finished-at="2025-09-28T23:01:17 IST" duration-ms="1473" status="PASS">
          <reporter-output>
          </reporter-output>
        </test-method> <!-- tearDown -->
      </class> <!-- testCases.TC002_LoginTest -->
      <class name="testCases.AccountRegistration">
        <test-method is-config="true" signature="setup(java.lang.String)[pri:0, instance:testCases.AccountRegistration@52851b44]" started-at="2025-09-28T23:00:01 IST" name="setup" finished-at="2025-09-28T23:00:36 IST" duration-ms="34924" status="PASS">
          <params>
            <param index="0">
              <value>
                <![CDATA[chrome]]>
              </value>
            </param>
          </params>
          <reporter-output>
          </reporter-output>
        </test-method> <!-- setup -->
        <test-method signature="verify_Account_Registration()[pri:0, instance:testCases.AccountRegistration@52851b44]" started-at="2025-09-28T23:00:36 IST" name="verify_Account_Registration" finished-at="2025-09-28T23:00:57 IST" duration-ms="21217" status="PASS">
          <reporter-output>
          </reporter-output>
        </test-method> <!-- verify_Account_Registration -->
        <test-method is-config="true" signature="tearDown()[pri:0, instance:testCases.AccountRegistration@52851b44]" started-at="2025-09-28T23:00:57 IST" name="tearDown" finished-at="2025-09-28T23:00:59 IST" duration-ms="1268" status="PASS">
          <reporter-output>
          </reporter-output>
        </test-method> <!-- tearDown -->
      </class> <!-- testCases.AccountRegistration -->
    </test> <!-- Test -->
  </suite> <!-- Suite -->
</testng-results>
